android/app/build/intermediates/manifest_merge_blame_file/debug/manifest-merger-blame-debug-report.txt
1<?xml version="1.0" encoding="utf-8"?>
2<manifest xmlns:android="http://schemas.android.com/apk/res/android"
3    package="com.ducdt.cvdecklist"
4    android:versionCode="1"
5    android:versionName="1.0" >
6
7    <uses-sdk
8        android:minSdkVersion="16"
9        android:targetSdkVersion="28" />
10
11    <uses-permission android:name="android.permission.SYSTEM_ALERT_WINDOW" />
11-->src/debug/AndroidManifest.xml:5:5-77
11-->src/debug/AndroidManifest.xml:5:22-75
12    <uses-permission android:name="android.permission.INTERNET" />
12-->src/main/AndroidManifest.xml:4:5-67
12-->src/main/AndroidManifest.xml:4:22-64
13    <uses-permission android:name="android.permission.ACCESS_WIFI_STATE" /> <!-- Required by older versions of Google Play services to create IID tokens -->
13-->[com.facebook.flipper:flipper:0.33.1] AndroidManifest.xml:16:5-76
13-->[com.facebook.flipper:flipper:0.33.1] AndroidManifest.xml:16:22-73
14    <uses-permission android:name="com.google.android.c2dm.permission.RECEIVE" /> <!-- Create a unique permission for your app and use it so only your app can receive your OneSignal messages. -->
14-->[com.google.android.gms:play-services-iid:17.0.0] AndroidManifest.xml:23:5-82
14-->[com.google.android.gms:play-services-iid:17.0.0] AndroidManifest.xml:23:22-79
15    <permission
15-->[com.onesignal:OneSignal:3.13.1] AndroidManifest.xml:7:5-9:47
16        android:name="com.ducdt.cvdecklist.permission.C2D_MESSAGE"
16-->[com.onesignal:OneSignal:3.13.1] AndroidManifest.xml:8:9-63
17        android:protectionLevel="signature" />
17-->[com.onesignal:OneSignal:3.13.1] AndroidManifest.xml:9:9-44
18
19    <uses-permission android:name="com.ducdt.cvdecklist.permission.C2D_MESSAGE" /> <!-- Required, makes sure notifications are delivered on time. -->
19-->[com.onesignal:OneSignal:3.13.1] AndroidManifest.xml:11:5-79
19-->[com.onesignal:OneSignal:3.13.1] AndroidManifest.xml:11:22-76
20    <uses-permission android:name="android.permission.WAKE_LOCK" />
20-->[com.onesignal:OneSignal:3.13.1] AndroidManifest.xml:18:5-68
20-->[com.onesignal:OneSignal:3.13.1] AndroidManifest.xml:18:22-65
21    <!--
22 Required so the device vibrates on receiving a push notification.
23         Vibration settings of the device still apply.
24    -->
25    <uses-permission android:name="android.permission.VIBRATE" />
25-->[com.onesignal:OneSignal:3.13.1] AndroidManifest.xml:23:5-66
25-->[com.onesignal:OneSignal:3.13.1] AndroidManifest.xml:23:22-63
26    <uses-permission android:name="android.permission.ACCESS_NETWORK_STATE" />
26-->[com.onesignal:OneSignal:3.13.1] AndroidManifest.xml:24:5-79
26-->[com.onesignal:OneSignal:3.13.1] AndroidManifest.xml:24:22-76
27    <!--
28 Use to restore notifications the user hasn't interacted with.
29         They could be missed notifications if the user reboots their device if this isn't in place.
30    -->
31    <uses-permission android:name="android.permission.RECEIVE_BOOT_COMPLETED" /> <!-- START: ShortcutBadger -->
31-->[com.onesignal:OneSignal:3.13.1] AndroidManifest.xml:29:5-81
31-->[com.onesignal:OneSignal:3.13.1] AndroidManifest.xml:29:22-78
32    <!-- Samsung -->
33    <uses-permission android:name="com.sec.android.provider.badge.permission.READ" />
33-->[com.onesignal:OneSignal:3.13.1] AndroidManifest.xml:31:5-86
33-->[com.onesignal:OneSignal:3.13.1] AndroidManifest.xml:31:22-83
34    <uses-permission android:name="com.sec.android.provider.badge.permission.WRITE" /> <!-- HTC -->
34-->[com.onesignal:OneSignal:3.13.1] AndroidManifest.xml:32:5-87
34-->[com.onesignal:OneSignal:3.13.1] AndroidManifest.xml:32:22-84
35    <uses-permission android:name="com.htc.launcher.permission.READ_SETTINGS" />
35-->[com.onesignal:OneSignal:3.13.1] AndroidManifest.xml:33:5-81
35-->[com.onesignal:OneSignal:3.13.1] AndroidManifest.xml:33:22-78
36    <uses-permission android:name="com.htc.launcher.permission.UPDATE_SHORTCUT" /> <!-- Sony -->
36-->[com.onesignal:OneSignal:3.13.1] AndroidManifest.xml:34:5-83
36-->[com.onesignal:OneSignal:3.13.1] AndroidManifest.xml:34:22-80
37    <uses-permission android:name="com.sonyericsson.home.permission.BROADCAST_BADGE" />
37-->[com.onesignal:OneSignal:3.13.1] AndroidManifest.xml:35:5-88
37-->[com.onesignal:OneSignal:3.13.1] AndroidManifest.xml:35:22-85
38    <uses-permission android:name="com.sonymobile.home.permission.PROVIDER_INSERT_BADGE" /> <!-- Apex -->
38-->[com.onesignal:OneSignal:3.13.1] AndroidManifest.xml:36:5-92
38-->[com.onesignal:OneSignal:3.13.1] AndroidManifest.xml:36:22-89
39    <uses-permission android:name="com.anddoes.launcher.permission.UPDATE_COUNT" /> <!-- Solid -->
39-->[com.onesignal:OneSignal:3.13.1] AndroidManifest.xml:37:5-84
39-->[com.onesignal:OneSignal:3.13.1] AndroidManifest.xml:37:22-81
40    <uses-permission android:name="com.majeur.launcher.permission.UPDATE_BADGE" /> <!-- Huawei -->
40-->[com.onesignal:OneSignal:3.13.1] AndroidManifest.xml:38:5-83
40-->[com.onesignal:OneSignal:3.13.1] AndroidManifest.xml:38:22-80
41    <uses-permission android:name="com.huawei.android.launcher.permission.CHANGE_BADGE" />
41-->[com.onesignal:OneSignal:3.13.1] AndroidManifest.xml:39:5-91
41-->[com.onesignal:OneSignal:3.13.1] AndroidManifest.xml:39:22-88
42    <uses-permission android:name="com.huawei.android.launcher.permission.READ_SETTINGS" />
42-->[com.onesignal:OneSignal:3.13.1] AndroidManifest.xml:40:5-92
42-->[com.onesignal:OneSignal:3.13.1] AndroidManifest.xml:40:22-89
43    <uses-permission android:name="com.huawei.android.launcher.permission.WRITE_SETTINGS" /> <!-- ZUK -->
43-->[com.onesignal:OneSignal:3.13.1] AndroidManifest.xml:41:5-93
43-->[com.onesignal:OneSignal:3.13.1] AndroidManifest.xml:41:22-90
44    <uses-permission android:name="android.permission.READ_APP_BADGE" /> <!-- OPPO -->
44-->[com.onesignal:OneSignal:3.13.1] AndroidManifest.xml:42:5-73
44-->[com.onesignal:OneSignal:3.13.1] AndroidManifest.xml:42:22-70
45    <uses-permission android:name="com.oppo.launcher.permission.READ_SETTINGS" />
45-->[com.onesignal:OneSignal:3.13.1] AndroidManifest.xml:43:5-82
45-->[com.onesignal:OneSignal:3.13.1] AndroidManifest.xml:43:22-79
46    <uses-permission android:name="com.oppo.launcher.permission.WRITE_SETTINGS" /> <!-- EvMe -->
46-->[com.onesignal:OneSignal:3.13.1] AndroidManifest.xml:44:5-83
46-->[com.onesignal:OneSignal:3.13.1] AndroidManifest.xml:44:22-80
47    <uses-permission android:name="me.everything.badger.permission.BADGE_COUNT_READ" />
47-->[com.onesignal:OneSignal:3.13.1] AndroidManifest.xml:45:5-88
47-->[com.onesignal:OneSignal:3.13.1] AndroidManifest.xml:45:22-85
48    <uses-permission android:name="me.everything.badger.permission.BADGE_COUNT_WRITE" />
48-->[com.onesignal:OneSignal:3.13.1] AndroidManifest.xml:46:5-89
48-->[com.onesignal:OneSignal:3.13.1] AndroidManifest.xml:46:22-86
49    <uses-permission android:name="com.google.android.finsky.permission.BIND_GET_INSTALL_REFERRER_SERVICE" />
49-->[com.google.android.gms:play-services-measurement:17.2.2] AndroidManifest.xml:26:5-110
49-->[com.google.android.gms:play-services-measurement:17.2.2] AndroidManifest.xml:26:22-107
50    <uses-permission android:name="android.permission.WRITE_EXTERNAL_STORAGE" />
51    <uses-permission android:name="android.permission.READ_PHONE_STATE" />
52    <uses-permission android:name="android.permission.READ_EXTERNAL_STORAGE" />
53
54    <application
54-->src/main/AndroidManifest.xml:6:5-25:19
55        android:name="com.ducdt.cvdecklist.MainApplication"
55-->src/main/AndroidManifest.xml:7:7-38
56        android:allowBackup="false"
56-->src/main/AndroidManifest.xml:11:7-34
57        android:appComponentFactory="androidx.core.app.CoreComponentFactory"
57-->[androidx.core:core:1.1.0] AndroidManifest.xml:24:18-86
58        android:debuggable="true"
59        android:icon="@mipmap/ic_launcher"
59-->src/main/AndroidManifest.xml:9:7-41
60        android:label="@string/app_name"
60-->src/main/AndroidManifest.xml:8:7-39
61        android:roundIcon="@mipmap/ic_launcher_round"
61-->src/main/AndroidManifest.xml:10:7-52
62        android:theme="@style/AppTheme"
62-->src/main/AndroidManifest.xml:12:7-38
63        android:usesCleartextTraffic="true" >
63-->src/debug/AndroidManifest.xml:7:18-53
64        <activity
64-->src/main/AndroidManifest.xml:13:7-23:18
65            android:name="com.ducdt.cvdecklist.MainActivity"
65-->src/main/AndroidManifest.xml:14:9-37
66            android:configChanges="keyboard|keyboardHidden|orientation|screenSize|uiMode"
66-->src/main/AndroidManifest.xml:16:9-86
67            android:label="@string/app_name"
67-->src/main/AndroidManifest.xml:15:9-41
68            android:launchMode="singleTask"
68-->src/main/AndroidManifest.xml:17:9-40
69            android:windowSoftInputMode="adjustResize" >
69-->src/main/AndroidManifest.xml:18:9-51
70            <intent-filter>
70-->src/main/AndroidManifest.xml:19:9-22:25
71                <action android:name="android.intent.action.MAIN" />
71-->src/main/AndroidManifest.xml:20:13-65
71-->src/main/AndroidManifest.xml:20:21-62
72
73                <category android:name="android.intent.category.LAUNCHER" />
73-->src/main/AndroidManifest.xml:21:13-73
73-->src/main/AndroidManifest.xml:21:23-70
74            </intent-filter>
75        </activity>
76        <activity android:name="com.facebook.react.devsupport.DevSettingsActivity" /> <!-- Disable crashlytics by default so we can custom init with CrashlyticsNdk support -->
76-->src/main/AndroidManifest.xml:24:7-84
76-->src/main/AndroidManifest.xml:24:17-81
77        <meta-data
77-->[:react-native-firebase_crashlytics] AndroidManifest.xml:14:9-16:37
78            android:name="firebase_crashlytics_collection_enabled"
78-->[:react-native-firebase_crashlytics] AndroidManifest.xml:15:13-67
79            android:value="false" />
79-->[:react-native-firebase_crashlytics] AndroidManifest.xml:16:13-34
80
81        <provider
81-->[:react-native-firebase_crashlytics] AndroidManifest.xml:18:9-22:38
82            android:name="io.invertase.firebase.crashlytics.ReactNativeFirebaseCrashlyticsInitProvider"
82-->[:react-native-firebase_crashlytics] AndroidManifest.xml:19:13-104
83            android:authorities="com.ducdt.cvdecklist.reactnativefirebasecrashlyticsinitprovider"
83-->[:react-native-firebase_crashlytics] AndroidManifest.xml:20:13-94
84            android:exported="false"
84-->[:react-native-firebase_crashlytics] AndroidManifest.xml:21:13-37
85            android:initOrder="98" />
85-->[:react-native-firebase_crashlytics] AndroidManifest.xml:22:13-35
86
87        <receiver
87-->[:react-native-device-info] AndroidManifest.xml:12:9-19:20
88            android:name="com.learnium.RNDeviceInfo.RNDeviceReceiver"
88-->[:react-native-device-info] AndroidManifest.xml:13:13-70
89            android:enabled="true"
89-->[:react-native-device-info] AndroidManifest.xml:14:13-35
90            android:exported="true" >
90-->[:react-native-device-info] AndroidManifest.xml:15:13-36
91            <intent-filter>
91-->[:react-native-device-info] AndroidManifest.xml:16:13-18:29
92                <action android:name="com.android.vending.INSTALL_REFERRER" />
92-->[:react-native-device-info] AndroidManifest.xml:17:17-79
92-->[:react-native-device-info] AndroidManifest.xml:17:25-76
93            </intent-filter>
94        </receiver>
95
96        <meta-data
96-->[com.onesignal:OneSignal:3.13.1] AndroidManifest.xml:49:9-51:51
97            android:name="onesignal_app_id"
97-->[com.onesignal:OneSignal:3.13.1] AndroidManifest.xml:50:13-44
98            android:value="" /> <!-- Deprecated - Pulled from OneSignal dashboard. -->
98-->[com.onesignal:OneSignal:3.13.1] AndroidManifest.xml:51:13-48
99        <meta-data
99-->[com.onesignal:OneSignal:3.13.1] AndroidManifest.xml:53:9-55:70
100            android:name="onesignal_google_project_number"
100-->[com.onesignal:OneSignal:3.13.1] AndroidManifest.xml:54:13-59
101            android:value="str:REMOTE" />
101-->[com.onesignal:OneSignal:3.13.1] AndroidManifest.xml:55:13-67
102
103        <receiver
103-->[com.onesignal:OneSignal:3.13.1] AndroidManifest.xml:57:9-67:20
104            android:name="com.onesignal.GcmBroadcastReceiver"
104-->[com.onesignal:OneSignal:3.13.1] AndroidManifest.xml:58:13-62
105            android:permission="com.google.android.c2dm.permission.SEND" >
105-->[com.onesignal:OneSignal:3.13.1] AndroidManifest.xml:59:13-73
106
107            <!-- High priority so OneSignal payloads can be filtered from other GCM receivers if filterOtherGCMReceivers is enabled. -->
108            <intent-filter android:priority="999" >
108-->[com.onesignal:OneSignal:3.13.1] AndroidManifest.xml:62:13-66:29
108-->[com.onesignal:OneSignal:3.13.1] AndroidManifest.xml:62:28-50
109                <action android:name="com.google.android.c2dm.intent.RECEIVE" />
109-->[com.onesignal:OneSignal:3.13.1] AndroidManifest.xml:63:17-81
109-->[com.onesignal:OneSignal:3.13.1] AndroidManifest.xml:63:25-78
110
111                <category android:name="com.ducdt.cvdecklist" />
111-->[com.onesignal:OneSignal:3.13.1] AndroidManifest.xml:65:17-61
111-->[com.onesignal:OneSignal:3.13.1] AndroidManifest.xml:65:27-58
112            </intent-filter>
113        </receiver>
114        <receiver android:name="com.onesignal.NotificationOpenedReceiver" />
114-->[com.onesignal:OneSignal:3.13.1] AndroidManifest.xml:68:9-77
114-->[com.onesignal:OneSignal:3.13.1] AndroidManifest.xml:68:19-74
115
116        <service android:name="com.onesignal.GcmIntentService" />
116-->[com.onesignal:OneSignal:3.13.1] AndroidManifest.xml:70:9-66
116-->[com.onesignal:OneSignal:3.13.1] AndroidManifest.xml:70:18-63
117        <service
117-->[com.onesignal:OneSignal:3.13.1] AndroidManifest.xml:71:9-73:72
118            android:name="com.onesignal.GcmIntentJobService"
118-->[com.onesignal:OneSignal:3.13.1] AndroidManifest.xml:72:13-61
119            android:permission="android.permission.BIND_JOB_SERVICE" />
119-->[com.onesignal:OneSignal:3.13.1] AndroidManifest.xml:73:13-69
120        <service
120-->[com.onesignal:OneSignal:3.13.1] AndroidManifest.xml:74:9-76:72
121            android:name="com.onesignal.RestoreJobService"
121-->[com.onesignal:OneSignal:3.13.1] AndroidManifest.xml:75:13-59
122            android:permission="android.permission.BIND_JOB_SERVICE" />
122-->[com.onesignal:OneSignal:3.13.1] AndroidManifest.xml:76:13-69
123        <service
123-->[com.onesignal:OneSignal:3.13.1] AndroidManifest.xml:77:9-79:72
124            android:name="com.onesignal.RestoreKickoffJobService"
124-->[com.onesignal:OneSignal:3.13.1] AndroidManifest.xml:78:13-66
125            android:permission="android.permission.BIND_JOB_SERVICE" />
125-->[com.onesignal:OneSignal:3.13.1] AndroidManifest.xml:79:13-69
126        <service
126-->[com.onesignal:OneSignal:3.13.1] AndroidManifest.xml:80:9-82:43
127            android:name="com.onesignal.SyncService"
127-->[com.onesignal:OneSignal:3.13.1] AndroidManifest.xml:81:13-53
128            android:stopWithTask="true" />
128-->[com.onesignal:OneSignal:3.13.1] AndroidManifest.xml:82:13-40
129        <service
129-->[com.onesignal:OneSignal:3.13.1] AndroidManifest.xml:83:9-85:72
130            android:name="com.onesignal.SyncJobService"
130-->[com.onesignal:OneSignal:3.13.1] AndroidManifest.xml:84:13-56
131            android:permission="android.permission.BIND_JOB_SERVICE" />
131-->[com.onesignal:OneSignal:3.13.1] AndroidManifest.xml:85:13-69
132
133        <activity
133-->[com.onesignal:OneSignal:3.13.1] AndroidManifest.xml:87:9-89:75
134            android:name="com.onesignal.PermissionsActivity"
134-->[com.onesignal:OneSignal:3.13.1] AndroidManifest.xml:88:13-61
135            android:theme="@android:style/Theme.Translucent.NoTitleBar" />
135-->[com.onesignal:OneSignal:3.13.1] AndroidManifest.xml:89:13-72
136
137        <service android:name="com.onesignal.NotificationRestoreService" />
137-->[com.onesignal:OneSignal:3.13.1] AndroidManifest.xml:91:9-76
137-->[com.onesignal:OneSignal:3.13.1] AndroidManifest.xml:91:18-73
138
139        <receiver android:name="com.onesignal.BootUpReceiver" >
139-->[com.onesignal:OneSignal:3.13.1] AndroidManifest.xml:93:9-98:20
139-->[com.onesignal:OneSignal:3.13.1] AndroidManifest.xml:93:19-62
140            <intent-filter>
140-->[com.onesignal:OneSignal:3.13.1] AndroidManifest.xml:94:13-97:29
141                <action android:name="android.intent.action.BOOT_COMPLETED" />
141-->[com.onesignal:OneSignal:3.13.1] AndroidManifest.xml:95:17-79
141-->[com.onesignal:OneSignal:3.13.1] AndroidManifest.xml:95:25-76
142                <action android:name="android.intent.action.QUICKBOOT_POWERON" />
142-->[com.onesignal:OneSignal:3.13.1] AndroidManifest.xml:96:17-82
142-->[com.onesignal:OneSignal:3.13.1] AndroidManifest.xml:96:25-79
143            </intent-filter>
144        </receiver>
145        <receiver android:name="com.onesignal.UpgradeReceiver" >
145-->[com.onesignal:OneSignal:3.13.1] AndroidManifest.xml:99:9-103:20
145-->[com.onesignal:OneSignal:3.13.1] AndroidManifest.xml:99:19-63
146            <intent-filter>
146-->[com.onesignal:OneSignal:3.13.1] AndroidManifest.xml:100:13-102:29
147                <action android:name="android.intent.action.MY_PACKAGE_REPLACED" />
147-->[com.onesignal:OneSignal:3.13.1] AndroidManifest.xml:101:17-84
147-->[com.onesignal:OneSignal:3.13.1] AndroidManifest.xml:101:25-81
148            </intent-filter>
149        </receiver>
150        <!--
151             FirebaseMessagingService performs security checks at runtime,
152             but set to not exported to explicitly avoid allowing another app to call it.
153        -->
154        <service
154-->[com.google.firebase:firebase-messaging:20.0.1] AndroidManifest.xml:28:9-34:19
155            android:name="com.google.firebase.messaging.FirebaseMessagingService"
155-->[com.google.firebase:firebase-messaging:20.0.1] AndroidManifest.xml:29:13-82
156            android:exported="false" >
156-->[com.google.firebase:firebase-messaging:20.0.1] AndroidManifest.xml:30:13-37
157            <intent-filter android:priority="-500" >
157-->[com.google.firebase:firebase-messaging:20.0.1] AndroidManifest.xml:31:13-33:29
157-->[com.google.firebase:firebase-messaging:20.0.1] AndroidManifest.xml:31:28-51
158                <action android:name="com.google.firebase.MESSAGING_EVENT" />
158-->[com.google.firebase:firebase-messaging:20.0.1] AndroidManifest.xml:32:17-78
158-->[com.google.firebase:firebase-messaging:20.0.1] AndroidManifest.xml:32:25-75
159            </intent-filter>
160        </service>
161        <service
161-->[com.google.android.gms:play-services-measurement-api:17.2.2] AndroidManifest.xml:27:9-33:19
162            android:name="com.google.firebase.components.ComponentDiscoveryService"
162-->[com.google.android.gms:play-services-measurement-api:17.2.2] AndroidManifest.xml:28:13-84
163            android:directBootAware="true"
163-->[com.google.firebase:firebase-common:19.3.0] AndroidManifest.xml:34:13-43
164            android:exported="false" >
164-->[com.google.android.gms:play-services-measurement-api:17.2.2] AndroidManifest.xml:29:13-37
165            <meta-data
165-->[com.google.android.gms:play-services-measurement-api:17.2.2] AndroidManifest.xml:30:13-32:85
166                android:name="com.google.firebase.components:com.google.firebase.analytics.connector.internal.AnalyticsConnectorRegistrar"
166-->[com.google.android.gms:play-services-measurement-api:17.2.2] AndroidManifest.xml:31:17-139
167                android:value="com.google.firebase.components.ComponentRegistrar" />
167-->[com.google.android.gms:play-services-measurement-api:17.2.2] AndroidManifest.xml:32:17-82
168            <meta-data
168-->[com.google.firebase:firebase-iid:20.0.2] AndroidManifest.xml:32:13-34:85
169                android:name="com.google.firebase.components:com.google.firebase.iid.Registrar"
169-->[com.google.firebase:firebase-iid:20.0.2] AndroidManifest.xml:33:17-96
170                android:value="com.google.firebase.components.ComponentRegistrar" />
170-->[com.google.firebase:firebase-iid:20.0.2] AndroidManifest.xml:34:17-82
171            <meta-data
171-->[com.google.firebase:firebase-auth:19.1.0] AndroidManifest.xml:36:13-38:85
172                android:name="com.google.firebase.components:com.google.firebase.auth.FirebaseAuthRegistrar"
172-->[com.google.firebase:firebase-auth:19.1.0] AndroidManifest.xml:37:17-109
173                android:value="com.google.firebase.components.ComponentRegistrar" />
173-->[com.google.firebase:firebase-auth:19.1.0] AndroidManifest.xml:38:17-82
174        </service>
175
176        <receiver
176-->[com.google.firebase:firebase-iid:20.0.2] AndroidManifest.xml:37:9-44:20
177            android:name="com.google.firebase.iid.FirebaseInstanceIdReceiver"
177-->[com.google.firebase:firebase-iid:20.0.2] AndroidManifest.xml:38:13-78
178            android:exported="true"
178-->[com.google.firebase:firebase-iid:20.0.2] AndroidManifest.xml:39:13-36
179            android:permission="com.google.android.c2dm.permission.SEND" >
179-->[com.google.firebase:firebase-iid:20.0.2] AndroidManifest.xml:40:13-73
180            <intent-filter>
180-->[com.google.firebase:firebase-iid:20.0.2] AndroidManifest.xml:41:13-43:29
181                <action android:name="com.google.android.c2dm.intent.RECEIVE" />
181-->[com.onesignal:OneSignal:3.13.1] AndroidManifest.xml:63:17-81
181-->[com.onesignal:OneSignal:3.13.1] AndroidManifest.xml:63:25-78
182            </intent-filter>
183        </receiver>
184
185        <activity
185-->[com.google.android.gms:play-services-base:17.1.0] AndroidManifest.xml:23:9-26:75
186            android:name="com.google.android.gms.common.api.GoogleApiActivity"
186-->[com.google.android.gms:play-services-base:17.1.0] AndroidManifest.xml:24:13-79
187            android:exported="false"
187-->[com.google.android.gms:play-services-base:17.1.0] AndroidManifest.xml:25:13-37
188            android:theme="@android:style/Theme.Translucent.NoTitleBar" />
188-->[com.google.android.gms:play-services-base:17.1.0] AndroidManifest.xml:26:13-72
189
190        <provider
190-->[com.crashlytics.sdk.android:crashlytics:2.10.1] AndroidManifest.xml:19:9-23:38
191            android:name="com.crashlytics.android.CrashlyticsInitProvider"
191-->[com.crashlytics.sdk.android:crashlytics:2.10.1] AndroidManifest.xml:20:13-75
192            android:authorities="com.ducdt.cvdecklist.crashlyticsinitprovider"
192-->[com.crashlytics.sdk.android:crashlytics:2.10.1] AndroidManifest.xml:21:13-75
193            android:exported="false"
193-->[com.crashlytics.sdk.android:crashlytics:2.10.1] AndroidManifest.xml:22:13-37
194            android:initOrder="90" />
194-->[com.crashlytics.sdk.android:crashlytics:2.10.1] AndroidManifest.xml:23:13-35
195
196        <activity
196-->[com.google.firebase:firebase-auth:19.1.0] AndroidManifest.xml:24:9-31:50
197            android:name="com.google.firebase.auth.internal.FederatedSignInActivity"
197-->[com.google.firebase:firebase-auth:19.1.0] AndroidManifest.xml:25:13-85
198            android:excludeFromRecents="true"
198-->[com.google.firebase:firebase-auth:19.1.0] AndroidManifest.xml:26:13-46
199            android:exported="true"
199-->[com.google.firebase:firebase-auth:19.1.0] AndroidManifest.xml:27:13-36
200            android:launchMode="singleTask"
200-->[com.google.firebase:firebase-auth:19.1.0] AndroidManifest.xml:28:13-44
201            android:permission="com.google.firebase.auth.api.gms.permission.LAUNCH_FEDERATED_SIGN_IN"
201-->[com.google.firebase:firebase-auth:19.1.0] AndroidManifest.xml:29:13-102
202            android:theme="@android:style/Theme.Translucent.NoTitleBar" />
202-->[com.google.firebase:firebase-auth:19.1.0] AndroidManifest.xml:30:13-72
203
204        <provider
204-->[com.google.firebase:firebase-common:19.3.0] AndroidManifest.xml:26:9-30:39
205            android:name="com.google.firebase.provider.FirebaseInitProvider"
205-->[com.google.firebase:firebase-common:19.3.0] AndroidManifest.xml:27:13-77
206            android:authorities="com.ducdt.cvdecklist.firebaseinitprovider"
206-->[com.google.firebase:firebase-common:19.3.0] AndroidManifest.xml:28:13-72
207            android:exported="false"
207-->[com.google.firebase:firebase-common:19.3.0] AndroidManifest.xml:29:13-37
208            android:initOrder="100" />
208-->[com.google.firebase:firebase-common:19.3.0] AndroidManifest.xml:30:13-36
209
210        <receiver
210-->[com.google.android.gms:play-services-measurement:17.2.2] AndroidManifest.xml:29:9-33:20
211            android:name="com.google.android.gms.measurement.AppMeasurementReceiver"
211-->[com.google.android.gms:play-services-measurement:17.2.2] AndroidManifest.xml:30:13-85
212            android:enabled="true"
212-->[com.google.android.gms:play-services-measurement:17.2.2] AndroidManifest.xml:31:13-35
213            android:exported="false" >
213-->[com.google.android.gms:play-services-measurement:17.2.2] AndroidManifest.xml:32:13-37
214        </receiver>
215        <receiver
215-->[com.google.android.gms:play-services-measurement:17.2.2] AndroidManifest.xml:34:9-42:20
216            android:name="com.google.android.gms.measurement.AppMeasurementInstallReferrerReceiver"
216-->[com.google.android.gms:play-services-measurement:17.2.2] AndroidManifest.xml:35:13-100
217            android:enabled="true"
217-->[com.google.android.gms:play-services-measurement:17.2.2] AndroidManifest.xml:36:13-35
218            android:exported="true"
218-->[com.google.android.gms:play-services-measurement:17.2.2] AndroidManifest.xml:37:13-36
219            android:permission="android.permission.INSTALL_PACKAGES" >
219-->[com.google.android.gms:play-services-measurement:17.2.2] AndroidManifest.xml:38:13-69
220            <intent-filter>
220-->[:react-native-device-info] AndroidManifest.xml:16:13-18:29
221                <action android:name="com.android.vending.INSTALL_REFERRER" />
221-->[:react-native-device-info] AndroidManifest.xml:17:17-79
221-->[:react-native-device-info] AndroidManifest.xml:17:25-76
222            </intent-filter>
223        </receiver>
224
225        <service
225-->[com.google.android.gms:play-services-measurement:17.2.2] AndroidManifest.xml:44:9-47:40
226            android:name="com.google.android.gms.measurement.AppMeasurementService"
226-->[com.google.android.gms:play-services-measurement:17.2.2] AndroidManifest.xml:45:13-84
227            android:enabled="true"
227-->[com.google.android.gms:play-services-measurement:17.2.2] AndroidManifest.xml:46:13-35
228            android:exported="false" />
228-->[com.google.android.gms:play-services-measurement:17.2.2] AndroidManifest.xml:47:13-37
229        <service
229-->[com.google.android.gms:play-services-measurement:17.2.2] AndroidManifest.xml:48:9-52:72
230            android:name="com.google.android.gms.measurement.AppMeasurementJobService"
230-->[com.google.android.gms:play-services-measurement:17.2.2] AndroidManifest.xml:49:13-87
231            android:enabled="true"
231-->[com.google.android.gms:play-services-measurement:17.2.2] AndroidManifest.xml:50:13-35
232            android:exported="false"
232-->[com.google.android.gms:play-services-measurement:17.2.2] AndroidManifest.xml:51:13-37
233            android:permission="android.permission.BIND_JOB_SERVICE" />
233-->[com.google.android.gms:play-services-measurement:17.2.2] AndroidManifest.xml:52:13-69
234
235        <meta-data
235-->[com.google.android.gms:play-services-basement:17.0.0] AndroidManifest.xml:23:9-25:69
236            android:name="com.google.android.gms.version"
236-->[com.google.android.gms:play-services-basement:17.0.0] AndroidManifest.xml:24:13-58
237            android:value="@integer/google_play_services_version" />
237-->[com.google.android.gms:play-services-basement:17.0.0] AndroidManifest.xml:25:13-66
238        <meta-data
238-->[com.crashlytics.sdk.android:crashlytics-ndk:2.1.1] AndroidManifest.xml:35:9-37:36
239            android:name="firebase_crashlytics_ndk_enabled"
239-->[com.crashlytics.sdk.android:crashlytics-ndk:2.1.1] AndroidManifest.xml:36:13-60
240            android:value="true" />
240-->[com.crashlytics.sdk.android:crashlytics-ndk:2.1.1] AndroidManifest.xml:37:13-33
241    </application>
242
243</manifest>